[debug] [2020-06-03T03:04:18.672Z] ----------------------------------------------------------------------
[debug] [2020-06-03T03:04:18.674Z] Command:       /home/tientt/.nvm/versions/node/v10.19.0/bin/node /usr/local/bin/firebase deploy
[debug] [2020-06-03T03:04:18.674Z] CLI Version:   8.4.1
[debug] [2020-06-03T03:04:18.675Z] Platform:      linux
[debug] [2020-06-03T03:04:18.675Z] Node Version:  v10.19.0
[debug] [2020-06-03T03:04:18.675Z] Time:          Wed Jun 03 2020 10:04:18 GMT+0700 (Indochina Time)
[debug] [2020-06-03T03:04:18.676Z] ----------------------------------------------------------------------
[debug] [2020-06-03T03:04:18.676Z] 
[debug] [2020-06-03T03:04:18.687Z] > command requires scopes: ["email","openid","https://www.googleapis.com/auth/cloudplatformprojects.readonly","https://www.googleapis.com/auth/firebase","https://www.googleapis.com/auth/cloud-platform"]
[debug] [2020-06-03T03:04:18.688Z] > authorizing via signed-in user
[debug] [2020-06-03T03:04:18.689Z] [iam] checking project hi01-efd for permissions ["firebase.projects.get","firebasehosting.sites.update"]
[debug] [2020-06-03T03:04:18.693Z] >>> HTTP REQUEST POST https://cloudresourcemanager.googleapis.com/v1/projects/hi01-efd:testIamPermissions  
 {"permissions":["firebase.projects.get","firebasehosting.sites.update"]}
[debug] [2020-06-03T03:04:19.723Z] <<< HTTP RESPONSE 200 {"content-type":"application/json; charset=UTF-8","vary":"X-Origin, Referer, Origin,Accept-Encoding","date":"Wed, 03 Jun 2020 03:04:19 GMT","server":"ESF","cache-control":"private","x-xss-protection":"0","x-frame-options":"SAMEORIGIN","x-content-type-options":"nosniff","server-timing":"gfet4t7; dur=822","alt-svc":"h3-27=\":443\"; ma=2592000,h3-25=\":443\"; ma=2592000,h3-T050=\":443\"; ma=2592000,h3-Q050=\":443\"; ma=2592000,h3-Q049=\":443\"; ma=2592000,h3-Q048=\":443\"; ma=2592000,h3-Q046=\":443\"; ma=2592000,h3-Q043=\":443\"; ma=2592000,quic=\":443\"; ma=2592000; v=\"46,43\"","accept-ranges":"none","transfer-encoding":"chunked"}
[debug] [2020-06-03T03:04:19.730Z] >>> HTTP REQUEST GET https://firebase.googleapis.com/v1beta1/projects/hi01-efd  
 
[debug] [2020-06-03T03:04:40.788Z] Server Error. connect ECONNREFUSED 172.217.24.42:443
[debug] [2020-06-03T03:04:40.939Z] FirebaseError: Server Error. connect ECONNREFUSED 172.217.24.42:443
    at Request._callback (/usr/local/lib/node_modules/firebase-tools/lib/api.js:32:31)
    at self.callback (/usr/local/lib/node_modules/firebase-tools/node_modules/request/request.js:185:22)
    at Request.emit (events.js:198:13)
    at Request.EventEmitter.emit (domain.js:448:20)
    at Request.onRequestError (/usr/local/lib/node_modules/firebase-tools/node_modules/request/request.js:877:8)
    at ClientRequest.emit (events.js:203:15)
    at ClientRequest.EventEmitter.emit (domain.js:448:20)
    at TLSSocket.socketErrorListener (_http_client.js:401:9)
    at TLSSocket.emit (events.js:198:13)
    at TLSSocket.EventEmitter.emit (domain.js:448:20)
    at emitErrorNT (internal/streams/destroy.js:91:8)
    at emitErrorAndCloseNT (internal/streams/destroy.js:59:3)
    at process._tickCallback (internal/process/next_tick.js:63:19)
[error] 
[error] Error: Failed to get Firebase project hi01-efd. Please make sure the project exists and your account has permission to access it.
